<?xml version="1.0" encoding="UTF-8"?>
<!-- Generated by org.testng.reporters.JUnitReportReporter -->
<testsuite hostname="mypc" name="com.ohrm.qa.testcases.LoginPageTest" tests="2" failures="0" timestamp="29 May 2020 10:19:21 GMT" time="34.614" errors="0">
  <testcase name="LoginTest" time="15.468" classname="com.ohrm.qa.testcases.LoginPageTest"/>
  <testcase name="loginPageTitleTest" time="19.146" classname="com.ohrm.qa.testcases.LoginPageTest"/>
</testsuite> <!-- com.ohrm.qa.testcases.LoginPageTest -->
